
{
	gl.supports_vertex_array_object: true
	cocos2d.x.version: quick-cocos2d-x 3.3
	gl.vendor: NVIDIA Corporation
	gl.supports_PVRTC: false
	gl.renderer: NVIDIA GeForce GT 650M OpenGL Engine
	cocos2d.x.compiled_with_profiler: false
	gl.max_texture_size: 16384
	gl.supports_ETC1: false
	gl.supports_BGRA8888: false
	cocos2d.x.build_type: DEBUG
	gl.supports_discard_framebuffer: false
	gl.supports_NPOT: true
	gl.supports_S3TC: true
	gl.version: 2.1 NVIDIA-10.2.1 310.41.15f01
	gl.supports_ATITC: false
	gl.max_texture_units: 16
	cocos2d.x.compiled_with_gl_state_cache: true
}


Quick-Cocos2d-x C++ support ready.
------------------------------------------------
LOAD LUA FILE: /Users/u0u0/Documents/quick-3.3/quick/samples/statemachine/src/main.lua
------------------------------------------------
[LUA-print] ===========================================================
[LUA-print]               LOAD QUICK FRAMEWORK
[LUA-print] ===========================================================
[LUA-print] [INFO] 
[LUA-print] [INFO] # DEBUG                        = 1
[LUA-print] [INFO] #
[LUA-print] [INFO] # device.platform              = mac
[LUA-print] [INFO] # device.model                 = unknown
[LUA-print] [INFO] # device.language              = en
[LUA-print] [INFO] # device.writablePath          = /Users/u0u0/Documents/quick-3.3/quick/samples/statemachine/
[LUA-print] [INFO] # device.directorySeparator    = /
[LUA-print] [INFO] # device.pathSeparator         = :
[LUA-print] [INFO] #
libpng warning: iCCP: known incorrect sRGB profile
[LUA-print] [INFO] # CONFIG_SCREEN_AUTOSCALE      = FIXED_WIDTH
[LUA-print] [INFO] # CONFIG_SCREEN_WIDTH          = 640.00
[LUA-print] [INFO] # CONFIG_SCREEN_HEIGHT         = 960.00
[LUA-print] [INFO] # display.widthInPixels        = 640.00
[LUA-print] [INFO] # display.heightInPixels       = 960.00
[LUA-print] [INFO] # display.contentScaleFactor   = 1.00
[LUA-print] [INFO] # display.width                = 640.00
[LUA-print] [INFO] # display.height               = 960.00
[LUA-print] [INFO] # display.cx                   = 320.00
[LUA-print] [INFO] # display.cy                   = 480.00
[LUA-print] [INFO] # display.left                 = 0.00
[LUA-print] [INFO] # display.right                = 640.00
[LUA-print] [INFO] # display.top                  = 960.00
[LUA-print] [INFO] # display.bottom               = 0.00
[LUA-print] [INFO] # display.c_left               = -320.00
[LUA-print] [INFO] # display.c_right              = 320.00
[LUA-print] [INFO] # display.c_top                = 480.00
[LUA-print] [INFO] # display.c_bottom             = -480.00
[LUA-print] [INFO] #
[LUA-print] 0: [FSM] STARTING UP
[LUA-print] 0: [FSM] ENTER   STATE: green
[LUA-print] 0: [FSM] CHANGED STATE: none to green
[LUA-print] 0: [FSM] READY
[LUA-print] 
[LUA-print] 1: [FSM] START   EVENT: warn!
[LUA-print] 1: [FSM] LEAVE   STATE: green
[LUA-print] 1: [FSM] ENTER   STATE: yellow
[LUA-print] 1: [FSM] CHANGED STATE: green to yellow
[LUA-print] 1: [FSM] FINISH  EVENT: warn!
[LUA-print] 
[LUA-print] 2: [FSM] START   EVENT: clear!
[LUA-print] 2: [FSM] LEAVE   STATE: yellow
[LUA-print] 2: [FSM] ENTER   STATE: green
[LUA-print] 2: [FSM] CHANGED STATE: yellow to green
[LUA-print] 2: [FSM] FINISH  EVENT: clear!
[LUA-print] 
[LUA-print] 3: [FSM] START   EVENT: warn!
[LUA-print] 3: [FSM] LEAVE   STATE: green
[LUA-print] 3: [FSM] ENTER   STATE: yellow
[LUA-print] 3: [FSM] CHANGED STATE: green to yellow
[LUA-print] 3: [FSM] FINISH  EVENT: warn!
[LUA-print] 
[LUA-print] 4: [FSM] START   EVENT: panic!
[LUA-print] 4: [FSM] LEAVE   STATE: yellow
[LUA-print] 4: [FSM] ENTER   STATE: red
[LUA-print] 4: [FSM] CHANGED STATE: yellow to red
[LUA-print] 4: [FSM] FINISH  EVENT: panic!
[LUA-print] 
[LUA-print] 5: [FSM] START   EVENT: calm!
[LUA-print] 5: [FSM] LEAVE   STATE: red
[LUA-print] 5: [FSM] PENDING STATE: yellow in ...3
[LUA-print] 5: [FSM] PENDING STATE: yellow in ...2
[LUA-print] 5: [FSM] PENDING STATE: yellow in ...1
[LUA-print] 5: [FSM] ENTER   STATE: yellow
[LUA-print] 5: [FSM] CHANGED STATE: red to yellow
[LUA-print] 5: [FSM] FINISH  EVENT: calm!
[LUA-print] 
[LUA-print] 6: [FSM] START   EVENT: panic!
[LUA-print] 6: [FSM] LEAVE   STATE: yellow
[LUA-print] 6: [FSM] ENTER   STATE: red
[LUA-print] 6: [FSM] CHANGED STATE: yellow to red
[LUA-print] 6: [FSM] FINISH  EVENT: panic!
[LUA-print] 
[LUA-print] 7: [FSM] START   EVENT: clear!
[LUA-print] 7: [FSM] LEAVE   STATE: red
[LUA-print] 7: [FSM] PENDING STATE: green in ...3
[LUA-print] 7: [FSM] PENDING STATE: green in ...2
[LUA-print] 7: [FSM] PENDING STATE: green in ...1
[LUA-print] 7: [FSM] ENTER   STATE: green
[LUA-print] 7: [FSM] CHANGED STATE: red to green
[LUA-print] 7: [FSM] FINISH  EVENT: clear!
[LUA-print] 
[LUA-print] 8: [FSM] START   EVENT: warn!
[LUA-print] 8: [FSM] LEAVE   STATE: green
[LUA-print] 8: [FSM] ENTER   STATE: yellow
[LUA-print] 8: [FSM] CHANGED STATE: green to yellow
[LUA-print] 8: [FSM] FINISH  EVENT: warn!
[LUA-print] 
[LUA-print] 9: [FSM] START   EVENT: panic!
[LUA-print] 9: [FSM] LEAVE   STATE: yellow
[LUA-print] 9: [FSM] ENTER   STATE: red
[LUA-print] 9: [FSM] CHANGED STATE: yellow to red
[LUA-print] 9: [FSM] FINISH  EVENT: panic!
[LUA-print] 
[LUA-print] 10: [FSM] START   EVENT: calm!
[LUA-print] 10: [FSM] LEAVE   STATE: red
[LUA-print] 10: [FSM] PENDING STATE: yellow in ...3
[LUA-print] 10: [FSM] PENDING STATE: yellow in ...2
[LUA-print] 10: [FSM] PENDING STATE: yellow in ...1
[LUA-print] 10: [FSM] ENTER   STATE: yellow
[LUA-print] 10: [FSM] CHANGED STATE: red to yellow
[LUA-print] 10: [FSM] FINISH  EVENT: calm!
